<?xml version="1.0" encoding="UTF-8"?>
<testsuite name="com.demo.WalletRepositoryTests" tests="3" skipped="0" failures="0" errors="0" timestamp="2023-02-23T05:51:46" hostname="WGC1004PBMQ73" time="0.485">
  <properties/>
  <testcase name="updateWallet()" classname="com.demo.WalletRepositoryTests" time="0.472"/>
  <testcase name="getWalletByIdTest()" classname="com.demo.WalletRepositoryTests" time="0.004"/>
  <testcase name="deleteWalletTest()" classname="com.demo.WalletRepositoryTests" time="0.007"/>
  <system-out><![CDATA[11:21:42.331 [Test worker] DEBUG org.springframework.test.context.BootstrapUtils - Instantiating CacheAwareContextLoaderDelegate from class [org.springframework.test.context.cache.DefaultCacheAwareContextLoaderDelegate]
11:21:42.349 [Test worker] DEBUG org.springframework.test.context.BootstrapUtils - Instantiating BootstrapContext using constructor [public org.springframework.test.context.support.DefaultBootstrapContext(java.lang.Class,org.springframework.test.context.CacheAwareContextLoaderDelegate)]
11:21:42.391 [Test worker] DEBUG org.springframework.test.context.BootstrapUtils - Instantiating TestContextBootstrapper for test class [com.demo.WalletRepositoryTests] from class [org.springframework.boot.test.context.SpringBootTestContextBootstrapper]
11:21:42.409 [Test worker] INFO org.springframework.boot.test.context.SpringBootTestContextBootstrapper - Neither @ContextConfiguration nor @ContextHierarchy found for test class [com.demo.WalletRepositoryTests], using SpringBootContextLoader
11:21:42.415 [Test worker] DEBUG org.springframework.test.context.support.AbstractContextLoader - Did not detect default resource location for test class [com.demo.WalletRepositoryTests]: class path resource [com/demo/WalletRepositoryTests-context.xml] does not exist
11:21:42.416 [Test worker] DEBUG org.springframework.test.context.support.AbstractContextLoader - Did not detect default resource location for test class [com.demo.WalletRepositoryTests]: class path resource [com/demo/WalletRepositoryTestsContext.groovy] does not exist
11:21:42.417 [Test worker] INFO org.springframework.test.context.support.AbstractContextLoader - Could not detect default resource locations for test class [com.demo.WalletRepositoryTests]: no resource found for suffixes {-context.xml, Context.groovy}.
11:21:42.417 [Test worker] INFO org.springframework.test.context.support.AnnotationConfigContextLoaderUtils - Could not detect default configuration classes for test class [com.demo.WalletRepositoryTests]: WalletRepositoryTests does not declare any static, non-private, non-final, nested classes annotated with @Configuration.
11:21:42.473 [Test worker] DEBUG org.springframework.test.context.support.ActiveProfilesUtils - Could not find an 'annotation declaring class' for annotation type [org.springframework.test.context.ActiveProfiles] and class [com.demo.WalletRepositoryTests]
11:21:42.548 [Test worker] DEBUG org.springframework.context.annotation.ClassPathScanningCandidateComponentProvider - Identified candidate component class: file [C:\Users\MSRIPRAN\Downloads\demo (15)\demo\build\classes\java\main\com\demo\WalletApplication.class]
11:21:42.549 [Test worker] INFO org.springframework.boot.test.context.SpringBootTestContextBootstrapper - Found @SpringBootConfiguration com.demo.WalletApplication for test class com.demo.WalletRepositoryTests
11:21:42.670 [Test worker] DEBUG org.springframework.boot.test.context.SpringBootTestContextBootstrapper - @TestExecutionListeners is not present for class [com.demo.WalletRepositoryTests]: using defaults.
11:21:42.671 [Test worker] INFO org.springframework.boot.test.context.SpringBootTestContextBootstrapper - Loaded default TestExecutionListener class names from location [META-INF/spring.factories]: [org.springframework.boot.test.autoconfigure.restdocs.RestDocsTestExecutionListener, org.springframework.boot.test.autoconfigure.web.client.MockRestServiceServerResetTestExecutionListener, org.springframework.boot.test.autoconfigure.web.servlet.MockMvcPrintOnlyOnFailureTestExecutionListener, org.springframework.boot.test.autoconfigure.web.servlet.WebDriverTestExecutionListener, org.springframework.boot.test.autoconfigure.webservices.client.MockWebServiceServerTestExecutionListener, org.springframework.boot.test.mock.mockito.MockitoTestExecutionListener, org.springframework.boot.test.mock.mockito.ResetMocksTestExecutionListener, org.springframework.test.context.web.ServletTestExecutionListener, org.springframework.test.context.support.DirtiesContextBeforeModesTestExecutionListener, org.springframework.test.context.event.ApplicationEventsTestExecutionListener, org.springframework.test.context.support.DependencyInjectionTestExecutionListener, org.springframework.test.context.support.DirtiesContextTestExecutionListener, org.springframework.test.context.transaction.TransactionalTestExecutionListener, org.springframework.test.context.jdbc.SqlScriptsTestExecutionListener, org.springframework.test.context.event.EventPublishingTestExecutionListener]
11:21:42.691 [Test worker] DEBUG org.springframework.boot.test.context.SpringBootTestContextBootstrapper - Skipping candidate TestExecutionListener [org.springframework.test.context.transaction.TransactionalTestExecutionListener] due to a missing dependency. Specify custom listener classes or make the default listener classes and their required dependencies available. Offending class: [org.springframework.transaction.interceptor.TransactionAttributeSource]
11:21:42.692 [Test worker] DEBUG org.springframework.boot.test.context.SpringBootTestContextBootstrapper - Skipping candidate TestExecutionListener [org.springframework.test.context.jdbc.SqlScriptsTestExecutionListener] due to a missing dependency. Specify custom listener classes or make the default listener classes and their required dependencies available. Offending class: [org.springframework.transaction.interceptor.TransactionAttribute]
11:21:42.693 [Test worker] INFO org.springframework.boot.test.context.SpringBootTestContextBootstrapper - Using TestExecutionListeners: [org.springframework.test.context.web.ServletTestExecutionListener@21ddbd4e, org.springframework.test.context.support.DirtiesContextBeforeModesTestExecutionListener@9018dcff, org.springframework.test.context.event.ApplicationEventsTestExecutionListener@cefcb569, org.springframework.boot.test.mock.mockito.MockitoTestExecutionListener@bfe4fae3, org.springframework.boot.test.autoconfigure.SpringBootDependencyInjectionTestExecutionListener@7a8a5fb4, org.springframework.test.context.support.DirtiesContextTestExecutionListener@3fe8b340, org.springframework.test.context.event.EventPublishingTestExecutionListener@80dea994, org.springframework.boot.test.autoconfigure.restdocs.RestDocsTestExecutionListener@fd798862, org.springframework.boot.test.autoconfigure.web.client.MockRestServiceServerResetTestExecutionListener@ac792347, org.springframework.boot.test.autoconfigure.web.servlet.MockMvcPrintOnlyOnFailureTestExecutionListener@31bb435d, org.springframework.boot.test.autoconfigure.web.servlet.WebDriverTestExecutionListener@b1e3b6fb, org.springframework.boot.test.autoconfigure.webservices.client.MockWebServiceServerTestExecutionListener@8a90a914, org.springframework.boot.test.mock.mockito.ResetMocksTestExecutionListener@7239c435]
11:21:42.699 [Test worker] DEBUG org.springframework.test.context.support.AbstractDirtiesContextTestExecutionListener - Before test class: context [DefaultTestContext@6e59a7db testClass = WalletRepositoryTests, testInstance = [null], testMethod = [null], testException = [null], mergedContextConfiguration = [WebMergedContextConfiguration@7bedb25c testClass = WalletRepositoryTests, locations = '{}', classes = '{class com.demo.WalletApplication}', contextInitializerClasses = '[]', activeProfiles = '{}', propertySourceLocations = '{}', propertySourceProperties = '{org.springframework.boot.test.context.SpringBootTestContextBootstrapper=true}', contextCustomizers = set[org.springframework.boot.test.autoconfigure.actuate.metrics.MetricsExportContextCustomizerFactory$DisableMetricExportContextCustomizer@861638b, org.springframework.boot.test.autoconfigure.properties.PropertyMappingContextCustomizer@0, org.springframework.boot.test.autoconfigure.web.servlet.WebDriverContextCustomizerFactory$Customizer@542a4461, org.springframework.boot.test.context.filter.ExcludeFilterContextCustomizer@f2f42c3f, org.springframework.boot.test.json.DuplicateJsonObjectContextCustomizerFactory$DuplicateJsonObjectContextCustomizer@28cb5656, org.springframework.boot.test.mock.mockito.MockitoContextCustomizer@0, org.springframework.boot.test.web.client.TestRestTemplateContextCustomizer@c0296886, org.springframework.boot.test.context.SpringBootTestArgs@1, org.springframework.boot.test.context.SpringBootTestWebEnvironment@441b6571], resourceBasePath = 'src/main/webapp', contextLoader = 'org.springframework.boot.test.context.SpringBootContextLoader', parent = [null]], attributes = map['org.springframework.test.context.web.ServletTestExecutionListener.activateListener' -> true]], class annotated with @DirtiesContext [false] with mode [null].

  .   ____          _            __ _ _
 /\\ / ___'_ __ _ _(_)_ __  __ _ \ \ \ \
( ( )\___ | '_ | '_| | '_ \/ _` | \ \ \ \
 \\/  ___)| |_)| | | | | || (_| |  ) ) ) )
  '  |____| .__|_| |_|_| |_\__, | / / / /
 =========|_|==============|___/=/_/_/_/
 :: Spring Boot ::                (v2.7.8)

2023-02-23 11:21:43.093  INFO 21108 --- [    Test worker] com.demo.WalletRepositoryTests           : Starting WalletRepositoryTests using Java 11.0.18 on WGC1004PBMQ73 with PID 21108 (started by MSRIPRAN in C:\Users\MSRIPRAN\Downloads\demo (15)\demo)
2023-02-23 11:21:43.095  INFO 21108 --- [    Test worker] com.demo.WalletRepositoryTests           : No active profile set, falling back to 1 default profile: "default"
2023-02-23 11:21:46.052  INFO 21108 --- [    Test worker] com.demo.WalletRepositoryTests           : Started WalletRepositoryTests in 3.293 seconds (JVM running for 4.809)
]]></system-out>
  <system-err><![CDATA[]]></system-err>
</testsuite>
